This is pdfeTeX, Version 3.141592-1.20a-2.2 (MiKTeX 2.4) (preloaded format=latex 2008.3.12)  28 MAR 2008 09:23
entering extended mode
**E:/SEP/SEP_2008/Templates/Pflichtenheft/Latex/TemplatePflichtenheft.tex
(E:/SEP/SEP_2008/Templates/Pflichtenheft/Latex/TemplatePflichtenheft.tex
LaTeX2e <2003/12/01>
Babel <v3.8a> and hyphenation patterns for english, french, german, ngerman, du
mylang, nohyphenation, loaded.
(einstellungen/newComments.tex) (einstellungen/layout.tex
(C:\texmf\tex\latex\koma-script\scrreprt.cls
Document Class: scrreprt 2004/01/07 v2.9p LaTeX2e KOMA document class
(C:\texmf\tex\latex\koma-script\scrlfile.sty
Package: scrlfile 2004/01/07 v2.9p LaTeX2e KOMA package

Package scrlfile, 2004/01/07 v2.9p LaTeX2e KOMA package
                  Copyright (C) Markus Kohm

) (C:\texmf\tex\latex\base\size11.clo
File: size11.clo 2004/02/16 v1.4f Standard LaTeX file (size option)
)
(C:\texmf\tex\latex\koma-script\typearea.sty
Package: typearea 2004/01/07 v2.9p LaTeX2e KOMA package

Package typearea, 2004/01/07 v2.9p LaTeX2e KOMA package
                  Copyright (C) Frank Neukam, 1992-1994
                  Copyright (C) Markus Kohm, 1994-2002

\ta@bcor=\skip41
\ta@div=\count79
\ta@hblk=\skip42
\ta@vblk=\skip43
\ta@temp=\skip44
Package typearea Info: These are the values describing the layout:
(typearea)             DIV  = 12
(typearea)             BCOR = 0.0pt
(typearea)             \paperwidth      = 597.50793pt
(typearea)              \textwidth      = 448.13095pt
(typearea)              DIV-departure   = -14/100
(typearea)              \evensidemargin = 2.4185pt
(typearea)              \oddsidemargin  = 2.4185pt
(typearea)             \paperheight     = 845.04694pt
(typearea)              \textheight     = 636.60028pt
(typearea)              \topmargin      = -39.24942pt
(typearea)              \headheight     = 17.0pt
(typearea)              \headsep        = 20.40001pt
(typearea)              \topskip        = 11.0pt
(typearea)              \footskip       = 47.60002pt
(typearea)              \baselineskip   = 13.6pt
(typearea)              on input line 625.
)
\c@part=\count80
\c@chapter=\count81
\c@section=\count82
\c@subsection=\count83
\c@subsubsection=\count84
\c@paragraph=\count85
\c@subparagraph=\count86
\c@figure=\count87
\c@table=\count88
\abovecaptionskip=\skip45
\belowcaptionskip=\skip46
\c@pti@nb@sid@b@x=\box26
\bibindent=\dimen102
)
\@input{einstellungen/packages.aux}
(einstellungen/packages.tex (C:\texmf\tex\latex\base\fix-cm.sty
Package: fix-cm 2004/02/13 v1.1h fixes to LaTeX

(C:\texmf\tex\latex\base\ts1enc.def
File: ts1enc.def 2001/06/05 v3.0e (jk/car/fm) Standard LaTeX file
)) (C:\texmf\tex\latex\base\fontenc.sty
Package: fontenc 2004/02/22 v1.99f Standard LaTeX package

(C:\texmf\tex\latex\base\t1enc.def
File: t1enc.def 2004/02/22 v1.99f Standard LaTeX file
LaTeX Font Info:    Redeclaring font encoding T1 on input line 43.
)) (C:\texmf\tex\latex\base\inputenc.sty
Package: inputenc 2004/02/05 v1.0d Input encoding file

(C:\texmf\tex\latex\base\latin1.def
File: latin1.def 2004/02/05 v1.0d Input encoding file
)) (C:\texmf\tex\latex\german\ngerman.sty
v2.5e 1998-07-08
Package: ngerman 1998/07/08 v2.5e Support for writing german texts (br)
\grmnU@D=\dimen103
ngerman -- \language number for naustrian undefined, default 3 used.
) (C:\texmf\tex\latex\geometry\geometry.sty
Package: geometry 2002/07/08 v3.2 Page Geometry

(C:\texmf\tex\latex\graphics\keyval.sty
Package: keyval 1999/03/16 v1.13 key=value parser (DPC)
\KV@toks@=\toks14
)
\Gm@cnth=\count89
\Gm@cntv=\count90
\c@Gm@tempcnt=\count91
\Gm@bindingoffset=\dimen104
\Gm@wd@mp=\dimen105
\Gm@odd@mp=\dimen106
\Gm@even@mp=\dimen107
\Gm@dimlist=\toks15

(C:\texmf\tex\latex\geometry\geometry.cfg))
(C:\texmf\tex\latex\setspace\setspace.sty
Package: setspace 2000/12/01 6.7 Contributed and Supported LaTeX2e package

Package: `setspace' 6.7 <2000/12/01>
) (C:\texmf\tex\latex\ltxmisc\relsize.sty
Package: relsize 2003/07/04 ver 3.1
)
(C:\texmf\tex\latex\koma-script\scrpage2.sty
Package: scrpage2 2003/05/31 v2.1b LaTeX2e KOMA package
)
(C:\texmf\tex\latex\graphics\graphicx.sty
Package: graphicx 1999/02/16 v1.0f Enhanced LaTeX Graphics (DPC,SPQR)

(C:\texmf\tex\latex\graphics\graphics.sty
Package: graphics 2001/07/07 v1.0n Standard LaTeX Graphics (DPC,SPQR)
 (C:\texmf\tex\latex\graphics\trig.sty
Package: trig 1999/03/16 v1.09 sin cos tan (DPC)
) (C:\texmf\tex\latex\00miktex\graphics.cfg
File: graphics.cfg 2003/03/12 v1.1 MiKTeX 'graphics' configuration
)
Package graphics Info: Driver file: pdftex.def on input line 80.

(C:\texmf\tex\latex\graphics\pdftex.def
File: pdftex.def 2002/06/19 v0.03k graphics/color for pdftex
\Gread@gobject=\count92
))
\Gin@req@height=\dimen108
\Gin@req@width=\dimen109
) (C:\texmf\tex\latex\soul\soul.sty
Package: soul 2003/11/17 v2.4 letterspacing/underlining (mf)
\SOUL@word=\toks16
\SOUL@lasttoken=\toks17
\SOUL@cmds=\toks18
\SOUL@buffer=\toks19
\SOUL@token=\toks20
\SOUL@spaceskip=\skip47
\SOUL@ttwidth=\dimen110
\SOUL@uldp=\dimen111
\SOUL@ulht=\dimen112
)
(C:\texmf\tex\latex\psnfss\helvet.sty
Package: helvet 2004/09/15 PSNFSS-v9.2 (WaS) 
) (C:\texmf\tex\latex\tools\longtable.sty
Package: longtable 2004/02/01 v4.11 Multi-page Table package (DPC)
\LTleft=\skip48
\LTright=\skip49
\LTpre=\skip50
\LTpost=\skip51
\LTchunksize=\count93
\LTcapwidth=\dimen113
\LT@head=\box27
\LT@firsthead=\box28
\LT@foot=\box29
\LT@lastfoot=\box30
\LT@cols=\count94
\LT@rows=\count95
\c@LT@tables=\count96
\c@LT@chunks=\count97
\LT@p@ftn=\toks21
)
Class scrreprt Info: longtable captions redefined on input line 34.
(C:\texmf\tex\latex\tools\array.sty
Package: array 2003/12/17 v2.4a Tabular extension package (FMi)
\col@sep=\dimen114
\extrarowheight=\dimen115
\NC@list=\toks22
\extratabsurround=\skip52
\backup@length=\skip53
) (C:\texmf\tex\latex\ms\ragged2e.sty
Package: ragged2e 2003/03/25 v2.04 ragged2e Package (MS)

(C:\texmf\tex\latex\ms\everysel.sty
Package: everysel 1999/06/08 v1.03 EverySelectfont Package (MS)
)
\CenteringLeftskip=\skip54
\RaggedLeftLeftskip=\skip55
\RaggedRightLeftskip=\skip56
\CenteringRightskip=\skip57
\RaggedLeftRightskip=\skip58
\RaggedRightRightskip=\skip59
\CenteringParfillskip=\skip60
\RaggedLeftParfillskip=\skip61
\RaggedRightParfillskip=\skip62
\JustifyingParfillskip=\skip63
\CenteringParindent=\skip64
\RaggedLeftParindent=\skip65
\RaggedRightParindent=\skip66
\JustifyingParindent=\skip67
) (C:\texmf\tex\latex\graphics\lscape.sty
Package: lscape 2000/10/22 v3.01 Landscape Pages (DPC)
)
(C:\texmf\tex\latex\hyperref\hyperref.sty
Package: hyperref 2003/11/30 v6.74m Hypertext links for LaTeX
\@linkdim=\dimen116
\Hy@linkcounter=\count98
\Hy@pagecounter=\count99

(C:\texmf\tex\latex\hyperref\pd1enc.def
File: pd1enc.def 2003/11/30 v6.74m Hyperref: PDFDocEncoding definition (HO)
)
(C:\texmf\tex\latex\00miktex\hyperref.cfg
File: hyperref.cfg 2003/03/08 v1.0 MiKTeX 'hyperref' configuration
)
Package hyperref Info: Option `draft' set `true' on input line 1830.
Package hyperref Info: Option `bookmarks' set `true' on input line 1830.
Package hyperref Info: Option `bookmarksopen' set `true' on input line 1830.
Package hyperref Info: Option `colorlinks' set `true' on input line 1830.
Package hyperref Info: Option `plainpages' set `false' on input line 1830.
Package hyperref Info: Option `pdfpagelabels' set `true' on input line 1830.
Package hyperref Info: Option `hypertexnames' set `false' on input line 1830.
Package hyperref Info: Option `linktocpage' set `true' on input line 1830.
Package hyperref Info: Hyper figures OFF on input line 1880.
Package hyperref Info: Link nesting OFF on input line 1885.
Package hyperref Info: Hyper index ON on input line 1888.
Package hyperref Info: Plain pages OFF on input line 1895.
Package hyperref Info: Backreferencing ON on input line 1898.

Implicit mode ON; LaTeX internals redefined
Package hyperref Info: Bookmarks ON on input line 2004.
(C:\texmf\tex\latex\hyperref\backref.sty
Package: backref 2003/03/20 v1.23 Bibliographical back referencing
) (C:\texmf\tex\latex\ltxmisc\url.sty
\Urlmuskip=\muskip10
Package: url 2004/03/15  ver 3.1  Verb mode for urls, etc.
)
LaTeX Info: Redefining \url on input line 2143.
\Fld@menulength=\count100
\Field@Width=\dimen117
\Fld@charsize=\dimen118
\Choice@toks=\toks23
\Field@toks=\toks24
Package hyperref Info: Hyper figures OFF on input line 2618.
Package hyperref Info: Link nesting OFF on input line 2623.
Package hyperref Info: Hyper index ON on input line 2626.
Package hyperref Info: backreferencing ON on input line 2631.
Package hyperref Info: Link coloring ON on input line 2636.
\Hy@abspage=\count101
\c@Item=\count102
\c@Hfootnote=\count103
)
*hyperref using default driver hpdftex*
(C:\texmf\tex\latex\hyperref\hpdftex.def
File: hpdftex.def 2003/11/30 v6.74m Hyperref driver for pdfTeX
 (C:\texmf\tex\latex\psnfss\pifont.sty
Package: pifont 2004/09/15 PSNFSS-v9.2 Pi font support (SPQR) 
LaTeX Font Info:    Try loading font information for U+pzd on input line 63.

(C:\texmf\tex\latex\psnfss\upzd.fd
File: upzd.fd 2001/06/04 font definitions for U/pzd.
)
LaTeX Font Info:    Try loading font information for U+psy on input line 64.
 (C:\texmf\tex\latex\psnfss\upsy.fd
File: upsy.fd 2001/06/04 font definitions for U/psy.
))
\Fld@listcount=\count104
\@outlinefile=\write3
)))
(TemplatePflichtenheft.aux (titelseite.aux) (inhalt/versionsuebersicht.aux)
(inhalt/zielbestimmung.aux) (inhalt/produkteinsatz.aux)
(inhalt/produktuebersicht.aux) (inhalt/produktfunktionen.aux)
(inhalt/produktdaten.aux) (inhalt/produktleistungen.aux)
(inhalt/qualitaetsanforderungen.aux) (inhalt/gui.aux) (inhalt/anforderungen.aux
) (inhalt/produktumgebung.aux))
LaTeX Font Info:    Checking defaults for OML/cmm/m/it on input line 14.
LaTeX Font Info:    ... okay on input line 14.
LaTeX Font Info:    Checking defaults for T1/cmr/m/n on input line 14.
LaTeX Font Info:    ... okay on input line 14.
LaTeX Font Info:    Checking defaults for OT1/cmr/m/n on input line 14.
LaTeX Font Info:    ... okay on input line 14.
LaTeX Font Info:    Checking defaults for OMS/cmsy/m/n on input line 14.
LaTeX Font Info:    ... okay on input line 14.
LaTeX Font Info:    Checking defaults for OMX/cmex/m/n on input line 14.
LaTeX Font Info:    ... okay on input line 14.
LaTeX Font Info:    Checking defaults for U/cmr/m/n on input line 14.
LaTeX Font Info:    ... okay on input line 14.
LaTeX Font Info:    Checking defaults for TS1/cmr/m/n on input line 14.
LaTeX Font Info:    ... okay on input line 14.
LaTeX Font Info:    Checking defaults for PD1/pdf/m/n on input line 14.
LaTeX Font Info:    ... okay on input line 14.

-------------------- Geometry parameters
paper: a4paper
landscape: --
twocolumn: --
twoside: --
asymmetric: --
h-parts: 71.13188pt, 455.24411pt, 71.13188pt
v-parts: 71.13188pt, 645.87756pt, 128.0374pt
hmarginratio: --
vmarginratio: --
lines: --
heightrounded: --
bindingoffset: 0.0pt
truedimen: --
includehead: --
includefoot: --
includemp: --
driver: pdftex
-------------------- Page layout dimensions and switches
\paperwidth  597.50787pt
\paperheight 845.04684pt
\textwidth  455.24411pt
\textheight 645.87756pt
\oddsidemargin  -1.1381pt
\evensidemargin -1.1381pt
\topmargin  -38.53812pt
\headheight 59.75078pt
\headsep    20.40001pt
\footskip   47.60002pt
\marginparwidth 49.79233pt
\marginparsep   12.8401pt
\columnsep  10.0pt
\skip\footins  10.0pt plus 4.0pt minus 2.0pt
\hoffset 0.0pt
\voffset 0.0pt
\mag 1000

(1in=72.27pt, 1cm=28.45pt)
-----------------------
(C:\texmf\tex\context\base\supp-pdf.tex (C:\texmf\tex\context\base\supp-mis.tex
loading : Context Support Macros / Miscellaneous (2004.10.26)
\protectiondepth=\count105
\scratchcounter=\count106
\scratchtoks=\toks25
\scratchdimen=\dimen119
\scratchskip=\skip68
\scratchmuskip=\muskip11
\scratchbox=\box31
\scratchread=\read1
\scratchwrite=\write4
\zeropoint=\dimen120
\onepoint=\dimen121
\onebasepoint=\dimen122
\minusone=\count107
\thousandpoint=\dimen123
\onerealpoint=\dimen124
\emptytoks=\toks26
\nextbox=\box32
\nextdepth=\dimen125
\everyline=\toks27
\!!counta=\count108
\!!countb=\count109
\recursecounter=\count110
)
loading : Context Support Macros / PDF (2004.10.26)
\nofMPsegments=\count111
\nofMParguments=\count112
\everyMPtoPDFconversion=\toks28
)
LaTeX Info: Redefining \selectfont on input line 14.
 (C:\texmf\tex\latex\graphics\color.sty
Package: color 1999/02/16 v1.0i Standard LaTeX Color (DPC)
LaTeX Info: Redefining \color on input line 71.
 (C:\texmf\tex\latex\00miktex\color.cfg
File: color.cfg 2003/03/08 v1.0 MiKTeX 'color' configuration
)
Package color Info: Driver file: pdftex.def on input line 125.
)
Package hyperref Info: Link coloring ON on input line 14.
 (C:\texmf\tex\latex\hyperref\nameref.sty
Package: nameref 2003/12/03 v2.21 Cross-referencing by name of section
\c@section@level=\count113
)
LaTeX Info: Redefining \ref on input line 14.
LaTeX Info: Redefining \pageref on input line 14.
 (TemplatePflichtenheft.out)
(TemplatePflichtenheft.out) (titelseite.tex
<bilder/carolo.jpg, id=87, 183.5658pt x 170.5572pt>
File: bilder/carolo.jpg Graphic file (type jpg)
 <use bilder/carolo.jpg>
LaTeX Font Info:    External font `cmex10' loaded for size
(Font)              <10.95> on input line 42.
LaTeX Font Info:    External font `cmex10' loaded for size
(Font)              <8> on input line 42.
LaTeX Font Info:    External font `cmex10' loaded for size
(Font)              <6> on input line 42.

[1





{psfonts.map} <bilder/carolo.jpg>]) (inhalt/versionsuebersicht.tex
Underfull \hbox (badness 10000) in paragraph at lines 4--5

 []


Underfull \vbox (badness 10000) detected at line 20
 []

) [2


]
LaTeX Font Info:    Try loading font information for T1+phv on input line 20.
 (C:\texmf\tex\latex\psnfss\t1phv.fd
File: t1phv.fd 2001/06/04 scalable font definitions for T1/phv.
)
LaTeX Font Info:    Font shape `T1/phv/bx/n' in size <10.95> not available
(Font)              Font shape `T1/phv/b/n' tried instead on input line 20.
LaTeX Font Info:    Font shape `T1/phv/bx/n' in size <17.28> not available
(Font)              Font shape `T1/phv/b/n' tried instead on input line 20.
 (TemplatePflichtenheft.toc)
\tf@toc=\write5
 [3


]
(TemplatePflichtenheft.lof)
\tf@lof=\write6
 [4

] (inhalt/zielbestimmung.tex
Kapitel 1.
LaTeX Font Info:    Font shape `T1/phv/bx/n' in size <14.4> not available
(Font)              Font shape `T1/phv/b/n' tried instead on input line 9.
) [5


] (inhalt/produkteinsatz.tex
Kapitel 2.
LaTeX Font Info:    Font shape `T1/phv/bx/n' in size <12> not available
(Font)              Font shape `T1/phv/b/n' tried instead on input line 9.
) [6



] (inhalt/produktuebersicht.tex
Kapitel 3.
) [7



] (inhalt/produktfunktionen.tex
Kapitel 4.
) [8



] (inhalt/produktdaten.tex
Kapitel 5.
) [9



] (inhalt/produktleistungen.tex
Kapitel 6.
) [10



] (inhalt/qualitaetsanforderungen.tex
Kapitel 7.
) [11



] (inhalt/gui.tex
Kapitel 8.
) [12



] (inhalt/anforderungen.tex
Kapitel 9.
) [13



] (inhalt/produktumgebung.tex
Kapitel 10.
) [14



] (TemplatePflichtenheft.aux (titelseite.aux)
(inhalt/versionsuebersicht.aux) (inhalt/zielbestimmung.aux)
(inhalt/produkteinsatz.aux) (inhalt/produktuebersicht.aux)
(inhalt/produktfunktionen.aux) (inhalt/produktdaten.aux)
(inhalt/produktleistungen.aux) (inhalt/qualitaetsanforderungen.aux)
(inhalt/gui.aux) (inhalt/anforderungen.aux) (inhalt/produktumgebung.aux)) )
(\end occurred inside a group at level 1)

### semi simple group (level 1) entered at line 29 (\begingroup)
### bottom level 
Here is how much of TeX's memory you used:
 5727 strings out of 95518
 76780 string characters out of 1189590
 136933 words of memory out of 1137637
 8208 multiletter control sequences out of 35000
 32087 words of font info for 51 fonts, out of 500000 for 1000
 14 hyphenation exceptions out of 607
 36i,11n,38p,394b,1129s stack positions out of 1500i,500n,5000p,200000b,32768s
 187 PDF objects out of 300000
 38 named destinations out of 300000
 182 words of extra memory for PDF output out of 65536
{8r.enc}<C:\texmf\fonts\type1\urw\urwstd\uhvb8a.pfb>{cm-super-t
1.enc}<C:\texmf\fonts\type1\public\cm-super\sfbx1000.pfb><C:\texmf\fonts\type1\
public\cm-super\sfcc1200.pfb><C:\texmf\fonts\type1\public\cm-super\sfbx1200.pfb
><C:\texmf\fonts\type1\public\cm-super\sfrm1000.pfb><C:\texmf\fonts\type1\publi
c\cm-super\sfxc1200.pfb>
Output written on TemplatePflichtenheft.pdf (14 pages, 158389 bytes).
