\BOOKMARK [0][]{chapter.5}{Zielbestimmung}{}
\BOOKMARK [1][]{section.6}{Musskriterien}{chapter.5}
\BOOKMARK [1][]{section.7}{Wunschkriterien}{chapter.5}
\BOOKMARK [1][]{section.8}{Abgrenzungskriterien}{chapter.5}
\BOOKMARK [0][]{chapter.9}{Produkteinsatz}{}
\BOOKMARK [1][]{section.10}{Anwendungsbereiche}{chapter.9}
\BOOKMARK [2][]{subsection.11}{Zielgruppen}{section.10}
\BOOKMARK [2][]{subsection.12}{Betriebsbedingungen}{section.10}
\BOOKMARK [0][]{chapter.13}{Produkt\374bersicht}{}
\BOOKMARK [0][]{chapter.14}{Produktfunktionen}{}
\BOOKMARK [0][]{chapter.15}{Produktdaten}{}
\BOOKMARK [0][]{chapter.16}{Produktleistungen}{}
\BOOKMARK [0][]{chapter.17}{Qualit\344tsanforderungen}{}
\BOOKMARK [0][]{chapter.18}{Benutzeroberfl\344che}{}
\BOOKMARK [0][]{chapter.19}{Nichtfunktionale Anforderungen}{}
\BOOKMARK [0][]{chapter.20}{Technische Produktumgebung}{}
\BOOKMARK [1][]{section.21}{Software}{chapter.20}
\BOOKMARK [1][]{section.22}{Hardware}{chapter.20}
\BOOKMARK [1][]{section.23}{Orgware}{chapter.20}
\BOOKMARK [1][]{section.24}{Produktschnittstellen}{chapter.20}
