\BOOKMARK [0][]{chapter.2}{Produktfunktionen}{}% 1
\BOOKMARK [0][]{chapter.3}{Produkteinsatz}{}% 2
\BOOKMARK [1][]{section.4}{Anwendungsbereiche}{chapter.3}% 3
\BOOKMARK [2][]{subsection.5}{Zielgruppen}{section.4}% 4
\BOOKMARK [2][]{subsection.6}{Betriebsbedingungen}{section.4}% 5
\BOOKMARK [0][]{chapter.7}{Produktumgebung}{}% 6
\BOOKMARK [1][]{section.8}{Software}{chapter.7}% 7
\BOOKMARK [1][]{section.9}{Hardware}{chapter.7}% 8
\BOOKMARK [1][]{section.10}{Orgware}{chapter.7}% 9
\BOOKMARK [1][]{section.11}{Produktschnittstellen}{chapter.7}% 10
\BOOKMARK [0][]{chapter.12}{Funktionale Anforderungen}{}% 11
\BOOKMARK [1][]{section.13}{API Pflicht}{chapter.12}% 12
\BOOKMARK [2][]{subsection.14}{Allgemein}{section.13}% 13
\BOOKMARK [2][]{subsection.15}{Unterst\374tzung folgender Operationen von OpenCV}{section.13}% 14
\BOOKMARK [1][]{section.16}{API Optional}{chapter.12}% 15
\BOOKMARK [2][]{subsection.17}{Allgemein}{section.16}% 16
\BOOKMARK [2][]{subsection.18}{Unterst\374tzung folgender Operationen}{section.16}% 17
\BOOKMARK [1][]{section.19}{GUI Pflicht}{chapter.12}% 18
\BOOKMARK [1][]{section.20}{GUI Optional}{chapter.12}% 19
\BOOKMARK [1][]{section.21}{M\366gliche Visualisierungen}{chapter.12}% 20
\BOOKMARK [2][]{subsection.22}{Allgemein}{section.21}% 21
\BOOKMARK [2][]{subsection.23}{Visualisierungen von Matches}{section.21}% 22
\BOOKMARK [2][]{subsection.24}{Visualisierungen f\374r Filter}{section.21}% 23
\BOOKMARK [0][]{chapter.25}{Nichtfunktionale Anforderungen}{}% 24
\BOOKMARK [1][]{section.26}{Produktleistungen Pflicht}{chapter.25}% 25
\BOOKMARK [1][]{section.27}{Produktleistungen Optional}{chapter.25}% 26
\BOOKMARK [1][]{section.28}{Qualit\344tsanforderungen Pflicht}{chapter.25}% 27
\BOOKMARK [1][]{section.29}{Qualit\344tsanforderungen Optional}{chapter.25}% 28
\BOOKMARK [0][]{chapter.30}{Produktdaten}{}% 29
\BOOKMARK [0][]{chapter.31}{Systemmodell}{}% 30
\BOOKMARK [0][]{chapter.32}{Benutzeroberfl\344che}{}% 31
\BOOKMARK [1][]{section.33}{Skizzen bzw. Bilder}{chapter.32}% 32
\BOOKMARK [2][]{subsection.34}{name des bildes}{section.33}% 33
\BOOKMARK [2][]{subsection.36}{name des bildes}{section.33}% 34
\BOOKMARK [0][]{chapter.38}{Qualit\344tsanforderungen}{}% 35
\BOOKMARK [0][]{chapter.39}{Abgrenzungskriterien}{}% 36
\BOOKMARK [0][]{chapter.40}{Glossar}{}% 37
\BOOKMARK [1][]{section.41}{Allgemein}{chapter.40}% 38
\BOOKMARK [1][]{section.42}{OpenCV}{chapter.40}% 39
\BOOKMARK [0][]{chapter.43}{Literatur}{}% 40
